[    0.000000] Initializing cgroup subsys cpuset
[    0.000000] Initializing cgroup subsys cpu
[    0.000000] Initializing cgroup subsys cpuacct
[    0.000000] Linux version 4.4.0-131-generic (buildd@lgw01-amd64-015) (gcc version 5.4.0 20160609 (Ubuntu 5.4.0-6ubuntu1~16.04.10) ) #157-Ubuntu SMP Thu Jul 12 15:51:36 UTC 2018 (Ubuntu 4.4.0-131.157-generic 4.4.134)
[    0.000000] Command line: BOOT_IMAGE=/boot/vmlinuz-4.4.0-131-generic root=LABEL=cloudimg-rootfs ro console=tty1 console=ttyS0
[    0.000000] KERNEL supported cpus:
[    0.000000]   Intel GenuineIntel
[    0.000000]   AMD AuthenticAMD
[    0.000000]   Centaur CentaurHauls
[    0.000000] x86/fpu: xstate_offset[2]:  576, xstate_sizes[2]:  256
[    0.000000] x86/fpu: Supporting XSAVE feature 0x01: 'x87 floating point registers'
[    0.000000] x86/fpu: Supporting XSAVE feature 0x02: 'SSE registers'
[    0.000000] x86/fpu: Supporting XSAVE feature 0x04: 'AVX registers'
[    0.000000] x86/fpu: Enabled xstate features 0x7, context size is 832 bytes, using 'standard' format.
[    0.000000] x86/fpu: Using 'eager' FPU context switches.
[    0.000000] e820: BIOS-provided physical RAM map:
[    0.000000] BIOS-e820: [mem 0x0000000000000000-0x000000000009fbff] usable
[    0.000000] BIOS-e820: [mem 0x000000000009fc00-0x000000000009ffff] reserved
[    0.000000] BIOS-e820: [mem 0x00000000000f0000-0x00000000000fffff] reserved
[    0.000000] BIOS-e820: [mem 0x0000000000100000-0x00000000dffeffff] usable
[    0.000000] BIOS-e820: [mem 0x00000000dfff0000-0x00000000dfffffff] ACPI data
[    0.000000] BIOS-e820: [mem 0x00000000fec00000-0x00000000fec00fff] reserved
[    0.000000] BIOS-e820: [mem 0x00000000fee00000-0x00000000fee00fff] reserved
[    0.000000] BIOS-e820: [mem 0x00000000fffc0000-0x00000000ffffffff] reserved
[    0.000000] BIOS-e820: [mem 0x0000000100000000-0x000000011fffffff] usable
[    0.000000] NX (Execute Disable) protection: active
[    0.000000] SMBIOS 2.5 present.
[    0.000000] Hypervisor detected: KVM
[    0.000000] e820: last_pfn = 0x120000 max_arch_pfn = 0x400000000
[    0.000000] MTRR: Disabled
[    0.000000] x86/PAT: MTRRs disabled, skipping PAT initialization too.
[    0.000000] CPU MTRRs all blank - virtualized system.
[    0.000000] x86/PAT: Configuration [0-7]: WB  WT  UC- UC  WB  WT  UC- UC  
[    0.000000] e820: last_pfn = 0xdfff0 max_arch_pfn = 0x400000000
[    0.000000] found SMP MP-table at [mem 0x0009fff0-0x0009ffff] mapped at [ffff88000009fff0]
[    0.000000] Scanning 1 areas for low memory corruption
[    0.000000] RAMDISK: [mem 0x3630c000-0x3717dfff]
[    0.000000] ACPI: Early table checksum verification disabled
[    0.000000] ACPI: RSDP 0x00000000000E0000 000024 (v02 VBOX  )
[    0.000000] ACPI: XSDT 0x00000000DFFF0030 00003C (v01 VBOX   VBOXXSDT 00000001 ASL  00000061)
[    0.000000] ACPI: FACP 0x00000000DFFF00F0 0000F4 (v04 VBOX   VBOXFACP 00000001 ASL  00000061)
[    0.000000] ACPI: DSDT 0x00000000DFFF0470 0021FF (v02 VBOX   VBOXBIOS 00000002 INTL 20100528)
[    0.000000] ACPI: FACS 0x00000000DFFF0200 000040
[    0.000000] ACPI: FACS 0x00000000DFFF0200 000040
[    0.000000] ACPI: APIC 0x00000000DFFF0240 00005C (v02 VBOX   VBOXAPIC 00000001 ASL  00000061)
[    0.000000] ACPI: SSDT 0x00000000DFFF02A0 0001CC (v01 VBOX   VBOXCPUT 00000002 INTL 20100528)
[    0.000000] No NUMA configuration found
[    0.000000] Faking a node at [mem 0x0000000000000000-0x000000011fffffff]
[    0.000000] NODE_DATA(0) allocated [mem 0x11fff7000-0x11fffbfff]
[    0.000000] kvm-clock: Using msrs 4b564d01 and 4b564d00
[    0.000000] kvm-clock: cpu 0, msr 1:1ffef001, primary cpu clock
[    0.000000] kvm-clock: using sched offset of 3079636525 cycles
[    0.000000] clocksource: kvm-clock: mask: 0xffffffffffffffff max_cycles: 0x1cd42e4dffb, max_idle_ns: 881590591483 ns
[    0.000000] Zone ranges:
[    0.000000]   DMA      [mem 0x0000000000001000-0x0000000000ffffff]
[    0.000000]   DMA32    [mem 0x0000000001000000-0x00000000ffffffff]
[    0.000000]   Normal   [mem 0x0000000100000000-0x000000011fffffff]
[    0.000000]   Device   empty
[    0.000000] Movable zone start for each node
[    0.000000] Early memory node ranges
[    0.000000]   node   0: [mem 0x0000000000001000-0x000000000009efff]
[    0.000000]   node   0: [mem 0x0000000000100000-0x00000000dffeffff]
[    0.000000]   node   0: [mem 0x0000000100000000-0x000000011fffffff]
[    0.000000] Initmem setup node 0 [mem 0x0000000000001000-0x000000011fffffff]
[    0.000000] ACPI: PM-Timer IO Port: 0x4008
[    0.000000] IOAPIC[0]: apic_id 2, version 32, address 0xfec00000, GSI 0-23
[    0.000000] ACPI: INT_SRC_OVR (bus 0 bus_irq 0 global_irq 2 dfl dfl)
[    0.000000] ACPI: INT_SRC_OVR (bus 0 bus_irq 9 global_irq 9 low level)
[    0.000000] Using ACPI (MADT) for SMP configuration information
[    0.000000] smpboot: Allowing 2 CPUs, 0 hotplug CPUs
[    0.000000] PM: Registered nosave memory: [mem 0x00000000-0x00000fff]
[    0.000000] PM: Registered nosave memory: [mem 0x0009f000-0x0009ffff]
[    0.000000] PM: Registered nosave memory: [mem 0x000a0000-0x000effff]
[    0.000000] PM: Registered nosave memory: [mem 0x000f0000-0x000fffff]
[    0.000000] PM: Registered nosave memory: [mem 0xdfff0000-0xdfffffff]
[    0.000000] PM: Registered nosave memory: [mem 0xe0000000-0xfebfffff]
[    0.000000] PM: Registered nosave memory: [mem 0xfec00000-0xfec00fff]
[    0.000000] PM: Registered nosave memory: [mem 0xfec01000-0xfedfffff]
[    0.000000] PM: Registered nosave memory: [mem 0xfee00000-0xfee00fff]
[    0.000000] PM: Registered nosave memory: [mem 0xfee01000-0xfffbffff]
[    0.000000] PM: Registered nosave memory: [mem 0xfffc0000-0xffffffff]
[    0.000000] e820: [mem 0xe0000000-0xfebfffff] available for PCI devices
[    0.000000] Booting paravirtualized kernel on KVM
[    0.000000] clocksource: refined-jiffies: mask: 0xffffffff max_cycles: 0xffffffff, max_idle_ns: 7645519600211568 ns
[    0.000000] setup_percpu: NR_CPUS:512 nr_cpumask_bits:512 nr_cpu_ids:2 nr_node_ids:1
[    0.000000] PERCPU: Embedded 34 pages/cpu @ffff88011fc00000 s99544 r8192 d31528 u1048576
[    0.000000] PV qspinlock hash table entries: 256 (order: 0, 4096 bytes)
[    0.000000] Built 1 zonelists in Node order, mobility grouping on.  Total pages: 1032056
[    0.000000] Policy zone: Normal
[    0.000000] Kernel command line: BOOT_IMAGE=/boot/vmlinuz-4.4.0-131-generic root=LABEL=cloudimg-rootfs ro console=tty1 console=ttyS0
[    0.000000] PID hash table entries: 4096 (order: 3, 32768 bytes)
[    0.000000] Memory: 4028236K/4193848K available (8546K kernel code, 1313K rwdata, 4000K rodata, 1516K init, 1316K bss, 165612K reserved, 0K cma-reserved)
[    0.000000] SLUB: HWalign=64, Order=0-3, MinObjects=0, CPUs=2, Nodes=1
[    0.000000] Kernel/User page tables isolation: enabled
[    0.000000] Hierarchical RCU implementation.
[    0.000000] 	Build-time adjustment of leaf fanout to 64.
[    0.000000] 	RCU restricting CPUs from NR_CPUS=512 to nr_cpu_ids=2.
[    0.000000] RCU: Adjusting geometry for rcu_fanout_leaf=64, nr_cpu_ids=2
[    0.000000] NR_IRQS:33024 nr_irqs:440 16
[    0.000000] Console: colour VGA+ 80x25
[    0.000000] console [tty1] enabled
[    0.000000] console [ttyS0] enabled
[    0.000000] tsc: Detected 4008.004 MHz processor
[    0.177712] Calibrating delay loop (skipped) preset value.. 8016.00 BogoMIPS (lpj=16032016)
[    0.179397] pid_max: default: 32768 minimum: 301
[    0.180272] ACPI: Core revision 20150930
[    0.182533] ACPI: 2 ACPI AML tables successfully acquired and loaded
[    0.183803] Security Framework initialized
[    0.184624] Yama: becoming mindful.
[    0.185350] AppArmor: AppArmor initialized
[    0.186719] Dentry cache hash table entries: 524288 (order: 10, 4194304 bytes)
[    0.189213] Inode-cache hash table entries: 262144 (order: 9, 2097152 bytes)
[    0.190635] Mount-cache hash table entries: 8192 (order: 4, 65536 bytes)
[    0.191821] Mountpoint-cache hash table entries: 8192 (order: 4, 65536 bytes)
[    0.193477] Initializing cgroup subsys io
[    0.194320] Initializing cgroup subsys memory
[    0.198114] Initializing cgroup subsys devices
[    0.199000] Initializing cgroup subsys freezer
[    0.199854] Initializing cgroup subsys net_cls
[    0.200750] Initializing cgroup subsys perf_event
[    0.201661] Initializing cgroup subsys net_prio
[    0.202515] Initializing cgroup subsys hugetlb
[    0.203386] Initializing cgroup subsys pids
[    0.204237] CPU: Physical Processor ID: 0
[    0.205022] CPU: Processor Core ID: 0
[    0.206605] mce: CPU supports 0 MCE banks
[    0.207441] Last level iTLB entries: 4KB 64, 2MB 8, 4MB 8
[    0.208441] Last level dTLB entries: 4KB 64, 2MB 0, 4MB 0, 1GB 4
[    0.209517] Spectre V2 : Mitigation: Full generic retpoline
[    0.210522] Spectre V2 : Speculation control IBPB not-supported IBRS not-supported
[    0.211786] Spectre V2 : Filling RSB on context switch
[    0.213011] Speculative Store Bypass: Vulnerable
[    0.215882] Freeing SMP alternatives memory: 32K
[    0.223068] ftrace: allocating 32245 entries in 126 pages
[    0.266434] smpboot: APIC(0) Converting physical 0 to logical package 0
[    0.267595] smpboot: Max logical packages: 1
[    0.268716] x2apic enabled
[    0.269593] Switched APIC routing to physical x2apic.
[    0.271631] ..TIMER: vector=0x30 apic1=0 pin1=2 apic2=-1 pin2=-1
[    0.377323] smpboot: CPU0: Intel(R) Core(TM) i7-6700K CPU @ 4.00GHz (family: 0x6, model: 0x5e, stepping: 0x3)
[    0.379301] Performance Events: unsupported p6 CPU model 94 no PMU driver, software events only.
[    0.381030] KVM setup paravirtual spinlock
[    0.382355] x86: Booting SMP configuration:
[    0.383179] .... node  #0, CPUs:      #1
[    0.383989] kvm-clock: cpu 1, msr 1:1ffef041, secondary cpu clock
[    0.385594] mce: CPU supports 0 MCE banks
[    0.388074] x86: Booted up 1 node, 2 CPUs
[    0.389058] smpboot: Total of 2 processors activated (16032.01 BogoMIPS)
[    0.390529] devtmpfs: initialized
[    0.392761] evm: security.selinux
[    0.393474] evm: security.SMACK64
[    0.394185] evm: security.SMACK64EXEC
[    0.394941] evm: security.SMACK64TRANSMUTE
[    0.395765] evm: security.SMACK64MMAP
[    0.396519] evm: security.ima
[    0.397169] evm: security.capability
[    0.398031] clocksource: jiffies: mask: 0xffffffff max_cycles: 0xffffffff, max_idle_ns: 7645041785100000 ns
[    0.399803] futex hash table entries: 512 (order: 3, 32768 bytes)
[    0.400958] pinctrl core: initialized pinctrl subsystem
[    0.401993] RTC time: 20:21:55, date: 03/22/19
[    0.402951] NET: Registered protocol family 16
[    0.413588] cpuidle: using governor ladder
[    0.426347] cpuidle: using governor menu
[    0.427151] PCCT header not found.
[    0.427937] ACPI: bus type PCI registered
[    0.428736] acpiphp: ACPI Hot Plug PCI Controller Driver version: 0.5
[    0.429959] PCI: Using configuration type 1 for base access
[    0.442458] ACPI: Added _OSI(Module Device)
[    0.443278] ACPI: Added _OSI(Processor Device)
[    0.444146] ACPI: Added _OSI(3.0 _SCP Extensions)
[    0.445071] ACPI: Added _OSI(Processor Aggregator Device)
[    0.446624] ACPI: Executed 1 blocks of module-level executable AML code
[    0.449638] ACPI: Interpreter enabled
[    0.450393] ACPI: (supports S0 S5)
[    0.451099] ACPI: Using IOAPIC for interrupt routing
[    0.457426] PCI: Using host bridge windows from ACPI; if necessary, use "pci=nocrs" and report a bug
[    0.462115] ACPI: PCI Root Bridge [PCI0] (domain 0000 [bus 00-ff])
[    0.463212] acpi PNP0A03:00: _OSC: OS supports [ASPM ClockPM Segments MSI]
[    0.464400] acpi PNP0A03:00: _OSC: not requesting OS control; OS requires [ExtendedConfig ASPM ClockPM MSI]
[    0.466183] acpi PNP0A03:00: fail to add MMCONFIG information, can't access extended PCI configuration space under this bridge.
[    0.477861] PCI host bridge to bus 0000:00
[    0.478690] pci_bus 0000:00: root bus resource [io  0x0000-0x0cf7 window]
[    0.479883] pci_bus 0000:00: root bus resource [io  0x0d00-0xffff window]
[    0.481060] pci_bus 0000:00: root bus resource [mem 0x000a0000-0x000bffff window]
[    0.482548] pci_bus 0000:00: root bus resource [mem 0xe0000000-0xfdffffff window]
[    0.484197] pci_bus 0000:00: root bus resource [bus 00-ff]
[    0.493426] pci 0000:00:01.1: legacy IDE quirk: reg 0x10: [io  0x01f0-0x01f7]
[    0.494677] pci 0000:00:01.1: legacy IDE quirk: reg 0x14: [io  0x03f6]
[    0.495835] pci 0000:00:01.1: legacy IDE quirk: reg 0x18: [io  0x0170-0x0177]
[    0.497046] pci 0000:00:01.1: legacy IDE quirk: reg 0x1c: [io  0x0376]
[    0.528302] pci 0000:00:07.0: quirk: [io  0x4000-0x403f] claimed by PIIX4 ACPI
[    0.529781] pci 0000:00:07.0: quirk: [io  0x4100-0x410f] claimed by PIIX4 SMB
[    0.553291] ACPI: PCI Interrupt Link [LNKA] (IRQs 5 9 10 *11)
[    0.554874] ACPI: PCI Interrupt Link [LNKB] (IRQs 5 9 *10 11)
[    0.556434] ACPI: PCI Interrupt Link [LNKC] (IRQs 5 *9 10 11)
[    0.557946] ACPI: PCI Interrupt Link [LNKD] (IRQs 5 9 10 *11)
[    0.559386] ACPI: Enabled 2 GPEs in block 00 to 07
[    0.560516] vgaarb: setting as boot device: PCI:0000:00:02.0
[    0.561562] vgaarb: device added: PCI:0000:00:02.0,decodes=io+mem,owns=io+mem,locks=none
[    0.563127] vgaarb: loaded
[    0.563759] vgaarb: bridge control possible 0000:00:02.0
[    0.564883] SCSI subsystem initialized
[    0.565731] ACPI: bus type USB registered
[    0.566527] usbcore: registered new interface driver usbfs
[    0.567519] usbcore: registered new interface driver hub
[    0.568504] usbcore: registered new device driver usb
[    0.569737] PCI: Using ACPI for IRQ routing
[    0.570783] NetLabel: Initializing
[    0.571498] NetLabel:  domain hash size = 128
[    0.572343] NetLabel:  protocols = UNLABELED CIPSOv4
[    0.573279] NetLabel:  unlabeled traffic allowed by default
[    0.574374] amd_nb: Cannot enumerate AMD northbridges
[    0.575317] clocksource: Switched to clocksource kvm-clock
[    0.581799] AppArmor: AppArmor Filesystem Enabled
[    0.582763] pnp: PnP ACPI init
[    0.584082] pnp: PnP ACPI: found 3 devices
[    0.592944] clocksource: acpi_pm: mask: 0xffffff max_cycles: 0xffffff, max_idle_ns: 2085701024 ns
[    0.594678] NET: Registered protocol family 2
[    0.595661] TCP established hash table entries: 32768 (order: 6, 262144 bytes)
[    0.597133] TCP bind hash table entries: 32768 (order: 7, 524288 bytes)
[    0.598667] TCP: Hash tables configured (established 32768 bind 32768)
[    0.599822] UDP hash table entries: 2048 (order: 4, 65536 bytes)
[    0.600885] UDP-Lite hash table entries: 2048 (order: 4, 65536 bytes)
[    0.602068] NET: Registered protocol family 1
[    0.602916] pci 0000:00:00.0: Limiting direct PCI/PCI transfers
[    0.604044] pci 0000:00:01.0: Activating ISA DMA hang workarounds
[    0.605224] Unpacking initramfs...
[    0.739817] Freeing initrd memory: 14792K
[    0.740646] PCI-DMA: Using software bounce buffering for IO (SWIOTLB)
[    0.741772] software IO TLB [mem 0xdbff0000-0xdfff0000] (64MB) mapped at [ffff8800dbff0000-ffff8800dffeffff]
[    0.743697] platform rtc_cmos: registered platform RTC device (no PNP device found)
[    0.745227] Scanning for low memory corruption every 60 seconds
[    0.746518] audit: initializing netlink subsys (disabled)
[    0.747523] audit: type=2000 audit(1553286119.684:1): initialized
[    0.748766] Initialise system trusted keyring
[    0.749700] HugeTLB registered 2 MB page size, pre-allocated 0 pages
[    0.751766] zbud: loaded
[    0.752640] VFS: Disk quotas dquot_6.6.0
[    0.753439] VFS: Dquot-cache hash table entries: 512 (order 0, 4096 bytes)
[    0.754805] squashfs: version 4.0 (2009/01/31) Phillip Lougher
[    0.756064] fuse init (API version 7.23)
[    0.756939] Key type big_key registered
[    0.757746] Allocating IMA MOK and blacklist keyrings.
[    0.759473] Key type asymmetric registered
[    0.760273] Asymmetric key parser 'x509' registered
[    0.761236] Block layer SCSI generic (bsg) driver version 0.4 loaded (major 249)
[    0.762743] io scheduler noop registered
[    0.763541] io scheduler deadline registered (default)
[    0.764541] io scheduler cfq registered
[    0.765367] pci_hotplug: PCI Hot Plug PCI Core version: 0.5
[    0.766360] pciehp: PCI Express Hot Plug Controller Driver version: 0.4
[    0.767593] ACPI: AC Adapter [AC] (on-line)
[    0.768440] input: Power Button as /devices/LNXSYSTM:00/LNXPWRBN:00/input/input0
[    0.769886] ACPI: Power Button [PWRF]
[    0.770668] input: Sleep Button as /devices/LNXSYSTM:00/LNXSLPBN:00/input/input1
[    0.772128] ACPI: Sleep Button [SLPF]
[    0.773000] GHES: HEST is not enabled!
[    0.773857] Serial: 8250/16550 driver, 32 ports, IRQ sharing enabled
[    0.796720] 00:02: ttyS0 at I/O 0x3f8 (irq = 4, base_baud = 115200) is a 16550A
[    0.799971] Linux agpgart interface v0.103
[    0.802074] loop: module loaded
[    0.803192] scsi host0: ata_piix
[    0.803990] scsi host1: ata_piix
[    0.804711] ata1: PATA max UDMA/33 cmd 0x1f0 ctl 0x3f6 bmdma 0xd000 irq 14
[    0.805965] ata2: PATA max UDMA/33 cmd 0x170 ctl 0x376 bmdma 0xd008 irq 15
[    0.807271] libphy: Fixed MDIO Bus: probed
[    0.808073] tun: Universal TUN/TAP device driver, 1.6
[    0.809025] tun: (C) 1999-2004 Max Krasnyansky <maxk@qualcomm.com>
[    0.810179] PPP generic driver version 2.4.2
[    0.811041] ehci_hcd: USB 2.0 'Enhanced' Host Controller (EHCI) Driver
[    0.812206] ehci-pci: EHCI PCI platform driver
[    0.813061] ehci-platform: EHCI generic platform driver
[    0.814036] ohci_hcd: USB 1.1 'Open' Host Controller (OHCI) Driver
[    0.815115] ohci-pci: OHCI PCI platform driver
[    0.815984] ohci-platform: OHCI generic platform driver
[    0.816962] uhci_hcd: USB Universal Host Controller Interface driver
[    0.820064] i8042: PNP: PS/2 Controller [PNP0303:PS2K,PNP0f03:PS2M] at 0x60,0x64 irq 1,12
[    0.822008] serio: i8042 KBD port at 0x60,0x64 irq 1
[    0.822924] serio: i8042 AUX port at 0x60,0x64 irq 12
[    0.824004] mousedev: PS/2 mouse device common for all mice
[    0.825275] input: AT Translated Set 2 keyboard as /devices/platform/i8042/serio0/input/input2
[    0.827200] rtc_cmos rtc_cmos: rtc core: registered rtc_cmos as rtc0
[    0.828417] rtc_cmos rtc_cmos: alarms up to one day, 114 bytes nvram
[    0.829529] i2c /dev entries driver
[    0.830282] device-mapper: uevent: version 1.0.3
[    0.831232] device-mapper: ioctl: 4.34.0-ioctl (2015-10-28) initialised: dm-devel@redhat.com
[    0.832855] ledtrig-cpu: registered to indicate activity on CPUs
[    0.834245] NET: Registered protocol family 10
[    0.835246] NET: Registered protocol family 17
[    0.836124] Key type dns_resolver registered
[    0.837245] registered taskstats version 1
[    0.838069] Loading compiled-in X.509 certificates
[    0.839346] Loaded X.509 cert 'Build time autogenerated kernel key: 8f274abdf49cd12572c1533a34d1eafea768213f'
[    0.841171] zswap: loaded using pool lzo/zbud
[    0.843177] Key type trusted registered
[    0.845967] Key type encrypted registered
[    0.846750] AppArmor: AppArmor sha1 policy hashing enabled
[    0.847723] ima: No TPM chip found, activating TPM-bypass!
[    0.848715] ima: Allocated hash algorithm: sha1
[    0.849581] evm: HMAC attrs: 0x1
[    0.850510]   Magic number: 11:579:397
[    0.851319] mem random: hash matches
[    0.852112] rtc_cmos rtc_cmos: setting system clock to 2019-03-22 20:21:55 UTC (1553286115)
[    0.853783] BIOS EDD facility v0.16 2004-Jun-25, 0 devices found
[    0.854839] EDD information not available.
[    0.961427] Freeing unused kernel memory: 1516K
[    0.963040] Write protecting the kernel read-only data: 14336k
[    0.965507] Freeing unused kernel memory: 1680K
[    0.967383] Freeing unused kernel memory: 96K
Loading, please wait...
starting version 229
[    0.983021] random: systemd-udevd: uninitialized urandom read (16 bytes read, 3 bits of entropy available)
[    0.983768] random: udevadm: uninitialized urandom read (16 bytes read, 3 bits of entropy available)
[    0.983788] random: udevadm: uninitialized urandom read (16 bytes read, 3 bits of entropy available)
[    0.991726] random: systemd-udevd: uninitialized urandom read (16 bytes read, 3 bits of entropy available)
[    0.992533] random: udevadm: uninitialized urandom read (16 bytes read, 3 bits of entropy available)
[    0.992586] random: udevadm: uninitialized urandom read (16 bytes read, 3 bits of entropy available)
[    0.992717] random: udevadm: uninitialized urandom read (16 bytes read, 3 bits of entropy available)
[    0.992765] random: udevadm: uninitialized urandom read (16 bytes read, 3 bits of entropy available)
[    0.992811] random: udevadm: uninitialized urandom read (16 bytes read, 3 bits of entropy available)
[    0.992857] random: udevadm: uninitialized urandom read (16 bytes read, 3 bits of entropy available)
[    1.023709] e1000: Intel(R) PRO/1000 Network Driver - version 7.3.21-k8-NAPI
[    1.025057] e1000: Copyright (c) 1999-2006 Intel Corporation.
[    1.026880] Fusion MPT base driver 3.04.20
[    1.027712] Copyright (c) 1999-2008 LSI Corporation
[    1.041216] AVX2 version of gcm_enc/dec engaged.
[    1.042127] AES CTR mode by8 optimization enabled
[    1.044959] Fusion MPT SPI Host driver 3.04.20
[    1.250314] input: ImExPS/2 Generic Explorer Mouse as /devices/platform/i8042/serio1/input/input4
[    1.911184] tsc: Refined TSC clocksource calibration: 4008.006 MHz
[    1.913255] clocksource: tsc: mask: 0xffffffffffffffff max_cycles: 0x39c5e7ceb00, max_idle_ns: 440795385467 ns
[    1.940830] e1000 0000:00:03.0 eth0: (PCI:33MHz:32-bit) 02:54:ad:ea:60:2e
[    1.951283] e1000 0000:00:03.0 eth0: Intel(R) PRO/1000 Network Connection
[    1.953004] mptbase: ioc0: Initiating bringup
[    2.939934] ioc0: LSI53C1030 A0: Capabilities={Initiator}
[    4.217671] scsi host2: ioc0: LSI53C1030 A0, FwRev=00000000h, Ports=1, MaxQ=256, IRQ=20
[    4.950679] scsi 2:0:0:0: Direct-Access     VBOX     HARDDISK         1.0  PQ: 0 ANSI: 5
[    4.953550] scsi target2:0:0: Beginning Domain Validation
[    4.957095] scsi target2:0:0: Domain Validation skipping write tests
[    4.959167] scsi target2:0:0: Ending Domain Validation
[    4.961070] scsi target2:0:0: asynchronous
[    4.963157] scsi 2:0:1:0: Direct-Access     VBOX     HARDDISK         1.0  PQ: 0 ANSI: 5
[    4.965903] scsi target2:0:1: Beginning Domain Validation
[    4.968940] scsi target2:0:1: Domain Validation skipping write tests
[    4.970651] scsi target2:0:1: Ending Domain Validation
[    4.972079] scsi target2:0:1: asynchronous
[    4.977995] sd 2:0:0:0: Attached scsi generic sg0 type 0
[    4.979345] sd 2:0:0:0: [sda] 20971520 512-byte logical blocks: (10.7 GB/10.0 GiB)
[    4.981127] sd 2:0:1:0: Attached scsi generic sg1 type 0
[    4.982233] sd 2:0:1:0: [sdb] 20480 512-byte logical blocks: (10.5 MB/10.0 MiB)
[    4.983927] sd 2:0:0:0: [sda] Write Protect is off
[    4.984944] sd 2:0:1:0: [sdb] Write Protect is off
[    4.985983] sd 2:0:0:0: [sda] Incomplete mode parameter data
[    4.987047] sd 2:0:0:0: [sda] Assuming drive cache: write through
[    4.988190] sd 2:0:1:0: [sdb] Incomplete mode parameter data
[    4.989238] sd 2:0:1:0: [sdb] Assuming drive cache: write through
[    4.992250]  sda: sda1
[    4.993550] sd 2:0:0:0: [sda] Attached SCSI disk
[    4.994624] sd 2:0:1:0: [sdb] Attached SCSI disk
[    5.307347] e1000 0000:00:08.0 eth1: (PCI:33MHz:32-bit) 08:00:27:52:67:41
[    5.308573] e1000 0000:00:08.0 eth1: Intel(R) PRO/1000 Network Connection
[    5.310469] e1000 0000:00:08.0 enp0s8: renamed from eth1
[    5.324241] e1000 0000:00:03.0 enp0s3: renamed from eth0
Begin: Loading essential drivers ... [    6.666920] md: linear personality registered for level -1
[    6.669693] md: multipath personality registered for level -4
[    6.672084] md: raid0 personality registered for level 0
[    6.674617] md: raid1 personality registered for level 1
[    6.751699] raid6: sse2x1   gen() 11083 MB/s
[    6.820342] raid6: sse2x1   xor() 11276 MB/s
[    6.888058] raid6: sse2x2   gen() 19308 MB/s
[    6.955768] raid6: sse2x2   xor() 13220 MB/s
[    7.023496] raid6: sse2x4   gen() 21599 MB/s
[    7.092176] raid6: sse2x4   xor() 14738 MB/s
[    7.159888] raid6: avx2x1   gen() 31172 MB/s
[    7.227596] raid6: avx2x2   gen() 35571 MB/s
[    7.295326] raid6: avx2x4   gen() 38880 MB/s
[    7.296229] raid6: using algorithm avx2x4 gen() 38880 MB/s
[    7.297235] raid6: using avx2x2 recovery algorithm
[    7.298972] xor: automatically using best checksumming function:
[    7.339468]    avx       : 31796.000 MB/sec
[    7.341046] async_tx: api initialized (async)
[    7.347400] md: raid6 personality registered for level 6
[    7.348418] md: raid5 personality registered for level 5
[    7.349403] md: raid4 personality registered for level 4
[    7.353439] md: raid10 personality registered for level 10
done.
Begin: Running /scripts/init-premount ... done.
Begin: Mounting root file system ... Begin: Running /scripts/local-top ... done.
Begin: Running /scripts/local-premount ... [    7.374231] Btrfs loaded
Scanning for Btrfs filesystems
done.
Warning: fsck not present, so skipping root file system
[    7.393802] EXT4-fs (sda1): mounted filesystem with ordered data mode. Opts: (null)
done.
Begin: Running /scripts/local-bottom ... done.
Begin: Running /scripts/init-bottom ... done.
[    7.458390] systemd[1]: systemd 229 running in system mode. (+PAM +AUDIT +SELINUX +IMA +APPARMOR +SMACK +SYSVINIT +UTMP +LIBCRYPTSETUP +GCRYPT +GNUTLS +ACL +XZ -LZ4 +SECCOMP +BLKID +ELFUTILS +KMOD -IDN)
[    7.461551] systemd[1]: Detected virtualization oracle.
[    7.462510] systemd[1]: Detected architecture x86-64.

Welcome to [1mUbuntu 16.04.5 LTS[0m!

[    7.465743] systemd[1]: Set hostname to <ubuntu>.
[    7.468349] systemd[1]: Initializing machine ID from random generator.
[    7.469524] systemd[1]: Installed transient /etc/machine-id file.
[    7.568449] systemd[1]: Reached target Encrypted Volumes.
[[0;32m  OK  [0m] Reached target Encrypted Volumes.
[    7.570722] systemd[1]: Listening on LVM2 metadata daemon socket.
[[0;32m  OK  [0m] Listening on LVM2 metadata daemon socket.
[    7.573127] systemd[1]: Listening on udev Control Socket.
[[0;32m  OK  [0m] Listening on udev Control Socket.
[    7.575345] systemd[1]: Started Trigger resolvconf update for networkd DNS.
[[0;32m  OK  [0m] Started Trigger resolvconf update for networkd DNS.
[    7.577973] systemd[1]: Listening on Journal Socket (/dev/log).
[[0;32m  OK  [0m] Listening on Journal Socket (/dev/log).
[    7.580285] systemd[1]: Reached target System Time Synchronized.
[[0;32m  OK  [0m] Reached target System Time Synchronized.
[    7.582640] systemd[1]: Listening on Syslog Socket.
[[0;32m  OK  [0m] Listening on Syslog Socket.
[    7.584739] systemd[1]: Listening on /dev/initctl Compatibility Named Pipe.
[[0;32m  OK  [0m] Listening on /dev/initctl Compatibility Named Pipe.
[    7.587390] systemd[1]: Set up automount Arbitrary Executable File Formats File System Automount Point.
[[0;32m  OK  [0m] Set up automount Arbitrary Executab...ats File System Automount Point.
[    7.590730] systemd[1]: Listening on Journal Audit Socket.
[[0;32m  OK  [0m] Listening on Journal Audit Socket.
[    7.593069] systemd[1]: Listening on Journal Socket.
[[0;32m  OK  [0m] Listening on Journal Socket.
[    7.595128] systemd[1]: Listening on udev Kernel Socket.
[[0;32m  OK  [0m] Listening on udev Kernel Socket.
[    7.597520] systemd[1]: Created slice System Slice.
[[0;32m  OK  [0m] Created slice System Slice.
[    7.612325] systemd[1]: Mounting Debug File System...
         Mounting Debug File System...
[    7.616043] systemd[1]: Starting Load Kernel Modules...
         Starting Load Kernel Modules...
[    7.618255] systemd[1]: Starting Remount Root and Kernel File Systems...
         Starting Remount Root and Kernel File Systems...
[    7.620841] systemd[1]: Starting Create list of required static device nodes for the current kernel...
[    7.622681] Loading iSCSI transport class v2.0-870.
         Starting Create list of required st... nodes for the current kernel...
[    7.623513] EXT4-fs (sda1): re-mounted. Opts: (null)
[    7.625487] systemd[1]: Mounting POSIX Message Queue File System...
         Mountin[    7.631706] iscsi: registered transport (tcp)
g POSIX Message Queue File System...
[    7.642530] systemd[1]: Starting Journal Service...
         Starting Journal Service...
[    7.644358] systemd[1]: Listening on LVM2 poll daemon socket.
[[0;32m  OK  [0m] Listening on LVM2 poll daemon socket.
[    7.651473] systemd[1]: Reached target Swap.
[[0;32m  OK  [0m] Reached target Swap.
[    7.653441] systemd[1]: Starting Nameserver information manager...
         Starting Nameserver information manager...
[    7.655490] systemd[1]: Started Forward Password Requests to Wall Directory Watch.
[[0;32m  OK  [0m] Started Forward Password Requests to Wall Directory Watch.
[    7.658939] systemd[1]: Mounting Huge Pages File System...
         Mounting Huge Pages File System...
[    7.661158] systemd[1]: Starting Uncomplicated firewall...
         Starting Uncomplicated firewall...
[    7.662952] systemd[1]: Reached target User and Group Name Lookups.
[[0;32m  OK  [0m] Reached target User and Group Name Lookups.
[    7.665128] systemd[1]: Listening on Device-mapper event daemon FIFOs.
[[0;32m  OK  [0m] Listening on Device-mapper event daemon FIFOs.
[    7.667710] systemd[1]: Starting Monitoring of LVM2 mirrors, snapshots etc. using dmeventd or progress polling...
         Starting Monitoring of LVM2 mirrors... dmeventd or progress polling...
[    7.671214] systemd[1]: Starting Set console keymap...
         Starting Set console keymap...
[    7.674216] systemd[1]: Created slice system-serial\x2dgetty.slice.
[[0;32m  OK  [0m] Created slice system-serial\x2dgetty.slice.
[    7.676757] systemd[1]: Created slice User and Session Slice.
[[0;32m  OK  [0m] Created slice User and Session Slice.
[    7.680577] systemd[1]: Reached target Slices.
[[0;32m  OK  [0m] Reached target Slices.
[    7.683374] systemd[1]: Mounted Debug File System.
[[0;32m  OK  [0m] Mounted Debug File System.
[    7.685176] systemd[1]: Mounted POSIX Message Queue File System.
[[0;32m  OK  [0m] Mounted POSIX Message Queue File System.
[    7.687210] systemd[1]: Mounted Huge Pages File System.
[    7.688332] iscsi: registered transport (iser)
[[0;32m  OK  [0m] Mounted Huge Pages File System.
[    7.689885] systemd[1]: Started Journal Service.
[[0;32m  OK  [0m] Started Journal Service.
[[0;32m  OK  [0m] Started Load Kernel Modules.
[[0;32m  OK  [0m] Started Remount Root and Kernel File Systems.
[[0;32m  OK  [0m] Started Create list of required sta...ce nodes for the current kernel.
[[0;32m  OK  [0m] Started Uncomplicated firewall.
[[0;32m  OK  [0m] Started Nameserver information manager.
[[0;32m  OK  [0m] Started LVM2 metadata daemon.
         Starting Create Static Device Nodes in /dev...
         Starting udev Coldplug all Devices...
         Starting Load/Save Random Seed...
         Starting Apply Kernel Variables...
         Mounting FUSE Control File System...
         Starting Flush Journal to Persistent Storage...
[[0;32m  OK  [0m] Mounted FUSE Control File System.
[[0;32m  OK  [0m] Started Set console keymap.
[[0;32m  OK  [0m] Started Create Static Device Nodes in /dev.
[[0;32m  OK  [0m] Started Load/Save Random Seed.
[[0;32m  OK  [0m] Started Apply Kernel Variables.
[[0;32m  OK  [0m] Started udev Coldplug all Devices.
[[0;32m  OK  [0m] Started Flush Journal to Persistent Storage.
         Starting udev Kernel Device Manager...
[[0;32m  OK  [0m] Started udev Kernel Device Manager.
[[0;32m  OK  [0m] Started Dispatch Password Requests to Console Directory Watch.
[[0;32m  OK  [0m] Found device /dev/ttyS0.
[[0;32m  OK  [0m] Listening on Load/Save RF Kill Switch Status /dev/rfkill Watch.
[[0;32m  OK  [0m] Started Monitoring of LVM2 mirrors,...ng dmeventd or progress polling.
[[0;32m  OK  [0m] Reached target Local File Systems (Pre).
[[0;32m  OK  [0m] Reached target Local File Systems.
         Starting Create Volatile Files and Directories...
         Starting Set console font and keymap...
         Starting Initial cloud-init job (pre-networking)...
         Starting Commit a transient machine-id on disk...
         Starting Tell Plymouth To Write Out Runtime Data...
         Starting LSB: AppArmor initialization...
[[0;32m  OK  [0m] Started Create Volatile Files and Directories.
[[0;32m  OK  [0m] Started Commit a transient machine-id on disk.
[[0;32m  OK  [0m] Started Tell Plymouth To Write Out Runtime Data.
         Starting Update UTMP about System Boot/Shutdown...
[[0;32m  OK  [0m] Started Update UTMP about System Boot/Shutdown.
[[0;32m  OK  [0m] Started Set console font and keymap.
[[0;32m  OK  [0m] Created slice system-getty.slice.
[    8.870831] cloud-init[602]: Cloud-init v. 18.3-9-g2e62cb8a-0ubuntu1~16.04.2 running 'init-local' at Fri, 22 Mar 2019 20:22:03 +0000. Up 8.57 seconds.
[[0;32m  OK  [0m] Started Initial cloud-init job (pre-networking).
[[0;32m  OK  [0m] Reached target Network (Pre).
[[0;32m  OK  [0m] Started LSB: AppArmor initialization.
         Starting Raise network interfaces...
[[0;32m  OK  [0m] Started Raise network interfaces.
         Starting Initial cloud-init job (metadata service crawler)...
[[0;32m  OK  [0m] Reached target Network.
[   10.168853] cloud-init[937]: Cloud-init v. 18.3-9-g2e62cb8a-0ubuntu1~16.04.2 running 'init' at Fri, 22 Mar 2019 20:22:04 +0000. Up 9.70 seconds.
[   10.170963] cloud-init[937]: ci-info: ++++++++++++++++++++++++++++++++++++++Net device info+++++++++++++++++++++++++++++++++++++++
[   10.172768] cloud-init[937]: ci-info: +--------+-------+----------------------------+---------------+--------+-------------------+
[   10.174540] cloud-init[937]: ci-info: | Device |   Up  |          Address           |      Mask     | Scope  |     Hw-Address    |
[   10.176333] cloud-init[937]: ci-info: +--------+-------+----------------------------+---------------+--------+-------------------+
[   10.178125] cloud-init[937]: ci-info: | enp0s3 |  True |         10.0.2.15          | 255.255.255.0 | global | 02:54:ad:ea:60:2e |
[   10.180128] cloud-init[937]: ci-info: | enp0s3 |  True | fe80::54:adff:feea:602e/64 |       .       |  link  | 02:54:ad:ea:60:2e |
[   10.182012] cloud-init[937]: ci-info: | enp0s8 | False |             .              |       .       |   .    | 08:00:27:52:67:41 |
[   10.183841] cloud-init[937]: ci-info: |   lo   |  True |         127.0.0.1          |   255.0.0.0   |  host  |         .         |
[   10.185648] cloud-init[937]: ci-info: |   lo   |  True |          ::1/128           |       .       |  host  |         .         |
[   10.187413] cloud-init[937]: ci-info: +--------+-------+----------------------------+---------------+--------+-------------------+
[   10.189230] cloud-init[937]: ci-info: +++++++++++++++++++++++++++Route IPv4 info++++++++++++++++++++++++++++
[   10.190808] cloud-init[937]: ci-info: +-------+-------------+----------+---------------+-----------+-------+
[   10.192365] cloud-init[937]: ci-info: | Route | Destination | Gateway  |    Genmask    | Interface | Flags |
[   10.193939] cloud-init[937]: ci-info: +-------+-------------+----------+---------------+-----------+-------+
[   10.195601] cloud-init[937]: ci-info: |   0   |   0.0.0.0   | 10.0.2.2 |    0.0.0.0    |   enp0s3  |   UG  |
[   10.197272] cloud-init[937]: ci-info: |   1   |   10.0.2.0  | 0.0.0.0  | 255.255.255.0 |   enp0s3  |   U   |
[   10.200494] cloud-init[937]: ci-info: +-------+-------------+----------+---------------+-----------+-------+
[   10.202124] cloud-init[937]: ci-info: +++++++++++++++++++Route IPv6 info+++++++++++++++++++
[   10.203705] cloud-init[937]: ci-info: +-------+-------------+---------+-----------+-------+
[   10.210307] cloud-init[937]: ci-info: | Route | Destination | Gateway | Interface | Flags |
[   10.211746] cloud-init[937]: ci-info: +-------+-------------+---------+-----------+-------+
[   10.213349] cloud-init[937]: ci-info: |   0   |  fe80::/64  |    ::   |   enp0s3  |   U   |
[   10.214753] cloud-init[937]: ci-info: |   3   |   ff00::/8  |    ::   |   enp0s3  |   U   |
[   10.216167] cloud-init[937]: ci-info: +-------+-------------+---------+-----------+-------+
[   10.217543] cloud-init[937]: Generating public/private rsa key pair.
[   10.218713] cloud-init[937]: Your identification has been saved in /etc/ssh/ssh_host_rsa_key.
[   10.220119] cloud-init[937]: Your public key has been saved in /etc/ssh/ssh_host_rsa_key.pub.
[   10.221558] cloud-init[937]: The key fingerprint is:
[   10.222531] cloud-init[937]: SHA256:F/NhPr3ALhytiZ1+6W1Gl+hWGsIA4BC81x/6PfDstQ4 root@ubuntu-xenial
[   10.224006] cloud-init[937]: The key's randomart image is:
[   10.225079] cloud-init[937]: +---[RSA 2048]----+
[   10.226023] cloud-init[937]: |  .o...          |
[   10.226955] cloud-init[937]: |   .o  .         |
[   10.228749] cloud-init[937]: |    ... . o o    |
[   10.230132] cloud-init[937]: |   . . . o O o   |
[   10.231446] cloud-init[937]: |    .   S * B o .|
[   10.232731] cloud-init[937]: [[0;32m  OK  [0m] Started Initial cloud-init job (metadata service crawler).
[[0;32m  OK  [0m] Reached target Network is Online.
|       . B O =.+.|
[   10.235319] cloud-init[937]: |        o %E++=. |
[   10.236524] cloud-init[937]: |         o *==+  |
[   10.237712] cloud-init[937]: |          o+==.  |
[   10.238909] cloud-init[937]: +----[SHA256]-----+
[   10.240077] cloud-init[937]: Generating public/private dsa key pair.
[   10.241470] cloud-init[937]: Your identification has been saved in /etc/ssh/ssh_host_dsa_key.
[   10.243108] cloud-init[937]: Your public key has been saved in /etc/ssh/ssh_host_dsa_key.pub.
[   10.244738] cloud-init[937]: The key fingerprint is:
[   10.245924] cloud-init[937]: SHA256:tVKNpilePErWRN1mwi/4eP4ZZZYPhQa2CcTkuVUVc/I root@ubuntu-xenial
[   10.247622] cloud-init         Starting iSCSI initiator daemon (iscsid)...
[[0;32m  OK  [0m] Reached target Cloud-config availability.
[[0;32m  OK  [0m] Reached target System Initialization.
[[0;32m  OK  [0m] Started Daily Cleanup of Temporary Directories.
[[0;32m  OK  [0m] Listening on UUID daemon activation socket.
         Starting Socket activation for snappy daemon.
[[0;32m  OK  [0m] Listening on ACPID Listen Socket.
[[0;32m  OK  [0m] Started Daily apt download activities.
[[0;32m  OK  [0m] Started Daily apt upgrade and clean activities.
[[0;32m  OK  [0m] Listening on D-Bus System Message Bus Socket.
[937]: The key's randomart image is:
[   10.255279] [[0;32m  OK  [0m] Started ACPI Events Check.
[[0;32m  OK  [0m] Reached target Paths.
cloud-init         Starting LXD - unix socket.
[[0;32m  OK  [0m] Reached target Timers.
[[0;32m  OK  [0m] Listening on Socket activation for snappy daemon.
[937]: +---[DSA 1024]----+[[0;32m  OK  [0m] Listening on LXD - unix socket.
[[0;32m  OK  [0m] Reached target Sockets.
[[0;32m  OK  [0m] Reached target Basic System.
[[0;32m  OK  [0m] Started D-Bus System Message Bus.

[   10.261765] cloud-init[937]: |        .*+.o o++|
[   10.262705] cloud-init[937]: |       . .=*+= +o|
[   10.263614] cloud-init[937]: |        ..B== o E|
[   10.264514] cloud-init[937]: |       +.*.+.. o |
[   10.265412] cloud-init[937]: |      + Soo.  *  |
[   10.266296] cloud-init[937]: |     + +.oo  + o |
[   10.267167] cloud-init[937]: |      o  o  .   .|
[   10.268048] cloud-init[937]: |          .  o   |
[   10.268978] cloud-init[937]: |           .o    |
[   10.269846] cloud-init[937]: +----[SHA256]-----+
[   10.270807] cloud-init[937]: Generating public/private ecdsa key pair.
[   10.271928] cloud-init[937]: Your identification has been saved in /etc/ssh/ssh_host_ecdsa_key.
[   10.273408] cloud-init[937]: Your public key has been saved in /etc/ssh/ssh_host_ecdsa_key.pub.
[   10.274775] cloud-init[937]: The key fingerprint is:
[   10.275699] cloud-init[937]: SHA256:4k2RVefF5ENPLgDBaoTXjgLlj+pPSEI3yfiWcxRezCc root@ubuntu-xenial
[   10.277108] cloud-init[937]: The key's randomart image is:
[   10.278084] cloud-init[937]: +---[ECDSA 256]---+
[   10.278978] cloud-init[937]: |     .o+.o++o .++|
[   10.279868] cloud-init[937]: |   o.+.oEo+  +.=o|
[   10.280792] cloud-init[937]: |  o =.+oo*    o.+|
[   10.281667] cloud-init[937]: | . o +.o+..    ..|
[   10.282610] cloud-init[937]: |  . * +oS        |
[   10.283547] cloud-init[937]: |   + * +         |
[   10.284439] cloud-init[937]: |    o o .        |
[   10.285337] cloud-init[937]: |   . .           |
[   10.286244] cloud-init[937]: |    ...          |
[   10.287198] cloud-init[937]: +----[SHA256]-----+
[   10.288147] cloud-init[937]: Generating public/private ed25519 key pair.
[   10.289301] cloud-init[937]: Your identification has been saved in /etc/ssh/ssh_host_ed25519_key.
[   10.290707] cloud-init[937]: Your public key has been saved in /etc/ssh/ssh_host_ed25519_key.pub.
[   10.292127] cloud-init[937]: The key fingerprint is:
[   10.293089] cloud-init[937]: SHA256:pYnRjYsyczM5zC6gsRkPzObkZsyYUDzzLPM17xIcMX4 root@ubuntu-xenial
[   10.294537] cloud-init[937]: The key's randomart image is:
[   10.295517] cloud-init[937]: +--[ED25519 256]--+
[   10.296468] cloud-init[937]: |                 |
[   10.297438] cloud-init[937]: | .    o. o       |
         Starting Snappy daemon...
         Starting LSB: Record successful boot for GRUB...
[[0;32m  OK  [0m] Started ACPI event daemon.
[[0;32m  OK  [0m] Started FUSE filesystem for LXC.
         Starting Pollinate to seed the pseudo random number generator...
[[0;32m  OK  [0m] Started Unattended Upgrades Shutdown.
         Starting LXD - container startup/shutdown...
[[0;32m  OK  [0m] Started Regular background program processing daemon.
         Starting /etc/rc.local Compatibility...
         Starting LSB: MD monitoring daemon...
         Starting Accounts Service...
         Starting Virtualbox guest utils...
         Starting System Logging Service...
[[0;32m  OK  [0m] Started Deferred execution scheduler.
         Starting Login Service...
[   10.309431] cloud-init[937]: |  =  ..oo o      |
[   10.326164] cloud-init[[0;32m  OK  [0m] Started /etc/rc.local Compatibility.
[937]: |o. = oo=E=       |[[0;32m  OK  [0m] Started iSCSI initiator daemon (iscsid).

[   10.348599] cloud-init[937]: |==+ *.&oS        |
[   10.352062] cloud-init[937]: |XX = Bo*         |
[   10.355489] cloud-init[937]: |*B. o ...        |
[   10.358874] cloud-init[937]: |o    ...         |
[   10.360464] cloud-init[937]: |       ..        |
[   10.368747] [cloud-init[0;32m  OK  [0m[937]: ] +----[SHA256]-----+Started System Logging Service.

         Starting Login to default iSCSI targets...
[[0;32m  OK  [0m] Started Login Service.
[[0;32m  OK  [0m] Started LSB: Record successful boot for GRUB.
         Starting Authenticate and Authorize Users to Run Privileged Tasks...
[[0;32m  OK  [0m] Started LSB: MD monitoring daemon.
[[0;32m  OK  [0m] Started Login to default iSCSI targets.
[[0;32m  OK  [0m] Reached target Remote File Systems (Pre).
[[0;32m  OK  [0m] Reached target Remote File Systems.
         Starting LSB: daemon to balance interrupts for SMP systems...
         Starting Permit User Sessions...
         Starting LSB: Set the CPU Frequency Scaling governor to "ondemand"...
         Starting LSB: automatic crash report generation...
[[0;32m  OK  [0m] Started Permit User Sessions.
         Starting Terminate Plymouth Boot Screen...
         Starting Hold until boot process finishes up...
[[0;32m  OK  [0m] Started Hold until boot process finishes up.
[[0;32m  OK  [0m] Started Authenticate and Authorize Users to Run Privileged Tasks.
[[0;32m  OK  [0m] Started Terminate Plymouth Boot Screen.
[[0;32m  OK  [0m] Started LSB: daemon to balance interrupts for SMP systems.
[[0;32m  OK  [0m] Started Accounts Service.
[[0;32m  OK  [0m] Started Getty on tty1.
[[0;32m  OK  [0m] Started Serial Getty on ttyS0.
[[0;32m  OK  [0m] Reached target Login Prompts.
         Starting Set console scheme...
[[0;32m  OK  [0m] Started LXD - container startup/shutdown.
[[0;32m  OK  [0m] Started Virtualbox guest utils.
[[0;32m  OK  [0m] Started LSB: Set the CPU Frequency Scaling governor to "ondemand".
[[0;32m  OK  [0m] Started LSB: automatic crash report generation.
[[0;32m  OK  [0m] Started Set console scheme.
[[0;32m  OK  [0m] Started Snappy daemon.
         Starting Wait until snapd is fully seeded...
[[0;32m  OK  [0m] Started Pollinate to seed the pseudo random number generator.
         Starting OpenBSD Secure Shell server...
[[0;32m  OK  [0m] Started OpenBSD Secure Shell server.
[[0;32m  OK  [0m] Started Wait until snapd is fully seeded.
         Starting Apply the settings specified in cloud-config...
[[0;32m  OK  [0m] Reached target Multi-User System.
[[0;32m  OK  [0m] Reached target Graphical Interface.
         Starting Update UTMP about System Runlevel Changes...
[[0;32m  OK  [0m] Started Update UTMP about System Runlevel Changes.
[[0;32m  OK  [0m] Created slice User Slice of vagrant.
         Starting User Manager for UID 1000...
[[0;32m  OK  [0m] Started Session 1 of user vagrant.
[[0;32m  OK  [0m] Started User Manager for UID 1000.
[   13.508013] cloud-init[1264]: Generating locales (this might take a while)...
[   14.218947] cloud-init[1264]:   en_US.UTF-8... done
[   14.220684] cloud-init[1264]: Generation complete.
[   14.457360] cloud-init[1264]: Cloud-init v. 18.3-9-g2e62cb8a-0ubuntu1~16.04.2 running 'modules:config' at Fri, 22 Mar 2019 20:22:08 +0000. Up 13.36 seconds.
[[0;32m  OK  [0m] Started Apply the settings specified in cloud-config.
         Starting Execute cloud user/final scripts...
ci-info: no authorized ssh keys fingerprints found for user ubuntu.
<14>Mar 22 20:22:09 ec2: 
<14>Mar 22 20:22:09 ec2: #############################################################
<14>Mar 22 20:22:09 ec2: -----BEGIN SSH HOST KEY FINGERPRINTS-----
<14>Mar 22 20:22:09 ec2: 1024 SHA256:tVKNpilePErWRN1mwi/4eP4ZZZYPhQa2CcTkuVUVc/I root@ubuntu-xenial (DSA)
<14>Mar 22 20:22:09 ec2: 256 SHA256:4k2RVefF5ENPLgDBaoTXjgLlj+pPSEI3yfiWcxRezCc root@ubuntu-xenial (ECDSA)
<14>Mar 22 20:22:09 ec2: 256 SHA256:pYnRjYsyczM5zC6gsRkPzObkZsyYUDzzLPM17xIcMX4 root@ubuntu-xenial (ED25519)
<14>Mar 22 20:22:09 ec2: 2048 SHA256:F/NhPr3ALhytiZ1+6W1Gl+hWGsIA4BC81x/6PfDstQ4 root@ubuntu-xenial (RSA)
<14>Mar 22 20:22:09 ec2: -----END SSH HOST KEY FINGERPRINTS-----
<14>Mar 22 20:22:09 ec2: #############################################################
-----BEGIN SSH HOST KEY KEYS-----
ecdsa-sha2-nistp256 AAAAE2VjZHNhLXNoYTItbmlzdHAyNTYAAAAIbmlzdHAyNTYAAABBBEfEFdv38NzMKsZTegpsNIHc7rmk5UZcIQ9rgHYFde4uF+df7heldpP0Vs7eLGtvIUWJss7+TP+/a0Qsf8AJ8uw= root@ubuntu-xenial
ssh-ed25519 AAAAC3NzaC1lZDI1NTE5AAAAIKCW5TmXaP0Spxk2s4JkyH24AYMii0Z9zGtR3YlzMCBg root@ubuntu-xenial
ssh-rsa AAAAB3NzaC1yc2EAAAADAQABAAABAQC1FsRXbrnKyI+HcM7j3ZaDKPd6+M3Dk/QiOtSEICvLLGCSdVMTTuAPhG1GXTTkb2agVFIgdDtKQOPbQvK47uhv44ngBZhL8tl1TBeJZv2wL2JDyQsKCfZy+/Q2UJd7Gv6YGxJrQ0PSDb5NnqGMY0oQZUsr3/zQkUQF3wmA+x91+K7b6rzVGlLyBCCtvYzCROEOIBjX67FQ5ZtaLGl7UzJG0ovExNFsX2rBP0s7XUqmMJjrRyoqELBioeRUR3Ej4h8+cqPmNf7+6Td35IBjx3gMTHyDxN00QqOCCpRa93ZGTWcBgBq/2EXNmmxITYvRpLNDxDotFYLxbbvPUXQbC1iF root@ubuntu-xenial
-----END SSH HOST KEY KEYS-----
[   14.931574] cloud-init[1425]: Cloud-init v. 18.3-9-g2e62cb8a-0ubuntu1~16.04.2 running 'modules:final' at Fri, 22 Mar 2019 20:22:09 +0000. Up 14.74 seconds.
[   14.933734] cloud-init[1425]: ci-info: no authorized ssh keys fingerprints found for user ubuntu.
[   14.935320] cloud-init[1425]: Cloud-init v. 18.3-9-g2e62cb8a-0ubuntu1~16.04.2 finished at Fri, 22 Mar 2019 20:22:09 +0000. Datasource DataSourceNoCloud [seed=/dev/sdb][dsmode=net].  Up 14.92 seconds
[[0;32m  OK  [0m] Started Execute cloud user/final scripts.
[[0;32m  OK  [0m] Reached target Cloud-init target.

Ubuntu 16.04.5 LTS ubuntu-xenial ttyS0

ubuntu-xenial login: 